# Домашнее задание

## Секционирование таблицы

## 1. Выполним подготовительные работы

### 1.1 Создадим ВМ в GCP в конфигурации e2-medium (2 CPU, 4GB RAM), 20 GB SDD.

```

C:\Program Files (x86)\Google\Cloud SDK>gcloud compute instances create instance-15 --project=postgres2021-lobach-02 --zone=us-central1-c --machine-type=e2-medium --network-interface=network-tier=PREMIUM,subnet=default --maintenance-policy=MIGRATE --service-account=180845300769-compute@developer.gserviceaccount.com --scopes=https://www.googleapis.com/auth/devstorage.read_only,https://www.googleapis.com/auth/logging.write,https://www.googleapis.com/auth/monitoring.write,https://www.googleapis.com/auth/servicecontrol,https://www.googleapis.com/auth/service.management.readonly,https://www.googleapis.com/auth/trace.append --create-disk=auto-delete=yes,boot=yes,device-name=instance-15,image=projects/ubuntu-os-cloud/global/images/ubuntu-2004-focal-v20220110,mode=rw,size=20,type=projects/postgres2021-lobach-02/zones/us-central1-c/diskTypes/pd-ssd --no-shielded-secure-boot --shielded-vtpm --shielded-integrity-monitoring --reservation-affinity=any

Created [https://www.googleapis.com/compute/v1/projects/postgres2021-lobach-02/zones/us-central1-c/instances/instance-15].

WARNING: Some requests generated warnings:

- Disk size: '20 GB' is larger than image size: '10 GB'. You might need to resize the root repartition manually if the operating system does not support automatic resizing. See https://cloud.google.com/compute/docs/disks/add-persistent-disk#resize_pd for details.

 

NAME         ZONE           MACHINE_TYPE  PREEMPTIBLE  INTERNAL_IP  EXTERNAL_IP    STATUS

instance-15  us-central1-c  e2-medium                  10.128.0.17  34.132.72.181  RUNNING

```

 

### 1.2 Установим и настроим Postgresql 14

#### 1.2.1 Выполним установку Postgresql 14

``` console


User@instance-15:~$sudo sudo sh -c 'echo "deb http://apt.postgresql.org/pub/repos/apt $(lsb_release -cs)-pgdg main" > /etc/apt/sources.list.d/pgdg.list' && wget --quiet -O - https://www.postgresql.org/media/keys/ACCC4CF8.asc | sudo apt-key add - && sudo apt -y update &&  sudo apt -y install postgresql-14

 

User@instance-15:~$ sudo pg_lsclusters

Ver Cluster Port Status Owner    Data directory              Log file

14  main    5432 online postgres /var/lib/postgresql/14/main /var/log/postgresql/postgresql-14-main.log

```

#### 1.2.2 Выполним настройку по рекомендуемым параметрам

```
# DB Version: 14

# OS Type: linux

# DB Type: oltp

# Total Memory (RAM): 4 GB

# CPUs num: 4

# Connections num: 20

# Data Storage: ssd

 

max_connections = 20

shared_buffers = 1GB

effective_cache_size = 3GB

maintenance_work_mem = 256MB

checkpoint_completion_target = 0.9

wal_buffers = 16MB

default_statistics_target = 100

random_page_cost = 1.1

effective_io_concurrency = 200

work_mem = 26214kB

min_wal_size = 2GB

max_wal_size = 8GB

max_worker_processes = 4

max_parallel_workers_per_gather = 2

max_parallel_workers = 4

max_parallel_maintenance_workers = 2

```

### 1.3 Скачаем и развернем тестовую БД (https://postgrespro.com/education/demodb)

```console

User@instance-15:~$ sudo su postgres

postgres@instance-15:/home/User$ mkdir /tmp/sample_data

postgres@instance-15:/home/User$ cd /tmp/sample_data/

 

postgres@instance-15:/tmp/sample_data$ wget https://edu.postgrespro.com/demo-big-en.zip

--2022-01-15 19:52:29--  https://edu.postgrespro.com/demo-big-en.zip

Resolving edu.postgrespro.com (edu.postgrespro.com)... 93.174.131.139

Connecting to edu.postgrespro.com (edu.postgrespro.com)|93.174.131.139|:443... connected.

HTTP request sent, awaiting response... 200 OK

Length: 243203220 (232M) [application/zip]

Saving to: ‘demo-big-en.zip’

demo-big-en.zip     100%[===================>] 231.94M  10.2MB/s    in 25s

2022-01-15 19:52:55 (9.43 MB/s) - ‘demo-big-en.zip’ saved [243203220/243203220]

postgres@instance-15:/tmp/sample_data$ unzip demo-big-en.zip

Archive:  demo-big-en.zip

  inflating: demo-big-en-20170815.sql

 postgres@instance-15: psql < demo-big-en-20170815.sql

```

### 1.4 Подключимся к БД. Проверим объем добавленных данных

```

postgres=# \c demo

You are now connected to database "demo" as user "postgres".

demo=# \dt+

                                                List of relations

  Schema  |      Name       | Type  |  Owner   | Persistence | Access method |  Size  |        Description

----------+-----------------+-------+----------+-------------+---------------+--------+---------------------------

bookings | aircrafts_data  | table | postgres | permanent   | heap          | 16 kB  | Aircrafts (internal data)

bookings | airports_data   | table | postgres | permanent   | heap          | 56 kB  | Airports (internal data)

bookings | boarding_passes | table | postgres | permanent   | heap          | 455 MB | Boarding passes

bookings | bookings        | table | postgres | permanent   | heap          | 105 MB | Bookings

bookings | flights         | table | postgres | permanent   | heap          | 21 MB  | Flights

bookings | seats           | table | postgres | permanent   | heap          | 96 kB  | Seats

bookings | ticket_flights  | table | postgres | permanent   | heap          | 547 MB | Flight segment

bookings | tickets         | table | postgres | permanent   | heap          | 386 MB | Tickets

(8 rows)

 

```

### 1.5 Оценим эффективность выполнения запроса по таблице flights до секционирования

#### 1.5.1 Проведем анализ запроса по выборке данных по прибывшим рейсам, время в пути для которых превысило 5 часов, на заданном интервале

```

demo=# explain (analyze, verbose) select * from flights where status = 'Arrived' and extract(epoch from actual_arrival - actual_departure) > 18000 and actual_arrival between '2017-06-01'::date and '2017-06-15'::date;

                                                                                                                        QUERY PLAN                                                      

---------------------------------------------------------------------------------------------------------------------------------------------------------------------------------------------------------------------------------------------------------------------

Gather  (cost=1000.00..7027.41 rows=2436 width=63) (actual time=3.357..43.716 rows=334 loops=1)

   Output: flight_id, flight_no, scheduled_departure, scheduled_arrival, departure_airport, arrival_airport, status, aircraft_code, actual_departure, actual_arrival

   Workers Planned: 1

   Workers Launched: 1

   ->  Parallel Seq Scan on bookings.flights  (cost=0.00..5783.81 rows=1433 width=63) (actual time=1.409..37.819 rows=167 loops=2)

         Output: flight_id, flight_no, scheduled_departure, scheduled_arrival, departure_airport, arrival_airport, status, aircraft_code, actual_departure, actual_arrival

         Filter: ((flights.actual_arrival >= '2017-06-01'::date) AND (flights.actual_arrival <= '2017-06-15'::date) AND ((flights.status)::text = 'Arrived'::text) AND (EXTRACT(epoch FROM (flights.actual_arrival - flights.actual_departure)) > '18000'::numeric))

         Rows Removed by Filter: 107266

         Worker 0:  actual time=0.423..35.803 rows=149 loops=1

Query Identifier: -525519889336442749

Planning Time: 0.099 ms

Execution Time: 43.770 ms

(12 rows)

(END)

```

### 1.6 Выполним секционирование таблицы flights по полю actual_arrival.

#### 1.6.1 Подготовим скрипт выполняющий секционирование таблицы по полю actual_arrival, с интервалом в один месяц

```

postgres@instance-15:/tmp$ cat make_partitions.bash

#!/bin/bash

set -e
set -u
set -o pipefail
if [[ $# -lt 3 ]]; then

        echo "usage: ${0} DATABASE TABLE COLUMN
Формирование секционированной таблицы
" >&2
        exit 2
fi
database=$1
table=$2
table_new=$2"_part"

# "${table_new}"
column=$3
shift
shift
shift
from=${FROM:-}
if [[ -z "${from}" ]]; then
        from=$(psql ${database} -qtAc "SELECT ${column}::date FROM ${table} ORDER BY ${column} LIMIT 1;")
        if [[ -z ${from} ]]; then
                echo "error: unable to determine from date" >&2
                exit 1
        fi
fi
echo "\c $database;"
echo "BEGIN;"
echo "CREATE TABLE ${table_new} (LIKE ${table} INCLUDING CONSTRAINTS) PARTITION BY RANGE(${column});"
echo "CREATE TABLE ${table}_default PARTITION OF ${table_new} DEFAULT;"
echo
c=$(date -d ${from} +%Y-%m-01)
l=$(date -d "+1 month" +%Y-%m-01)
while [[ ${c} != ${l} ]]; do
        y=$(date -d ${c} +%Y)
        m=$(date -d ${c} +%m)
        n=$(date -d "$(date -d "${c} + 1 month")" +%Y-%m)
        c=$(date -I -d "${c} + 1 month")
        echo "CREATE TABLE ${table}_${y}_${m} PARTITION OF ${table_new}"
        echo "  FOR VALUES FROM ('${y}-${m}-01 00:00:00') TO ('${n}-01 00:00:00');"
        echo
done
echo "INSERT INTO ${table_new} (SELECT * FROM ${table});"
echo "ALTER TABLE ${table} RENAME TO ${table}_old;"
echo "ALTER TABLE ${table_new} RENAME TO ${table};";
echo "COMMIT;"
```

#### 1.6.2 Выполним секционирование таблицы, запустив скрипт
```
postgres@instance-15:/tmp$ ./make_partitions.bash demo flights actual_arrival |psql
You are now connected to database "demo" as user "postgres".
BEGIN
CREATE TABLE
...
CREATE TABLE
INSERT 0 214867
ALTER TABLE
ALTER TABLE
COMMIT
```
### 1.6.3 Убедимся, что таблица успешно секционирована

```

demo=# \d flights

                      Partitioned table "bookings.flights"

       Column        |           Type           | Collation | Nullable | Default

---------------------+--------------------------+-----------+----------+---------

flight_id           | integer                  |           | not null |

flight_no           | character(6)             |           | not null |

scheduled_departure | timestamp with time zone |           | not null |

scheduled_arrival   | timestamp with time zone |           | not null |

departure_airport   | character(3)             |           | not null |

arrival_airport     | character(3)             |           | not null |

status              | character varying(20)    |           | not null |

aircraft_code       | character(3)             |           | not null |

actual_departure    | timestamp with time zone |           |          |

actual_arrival      | timestamp with time zone |           |          |

Partition key: RANGE (actual_arrival)

Check constraints:

    "flights_check" CHECK (scheduled_arrival > scheduled_departure)

    "flights_check1" CHECK (actual_arrival IS NULL OR actual_departure IS NOT NULL AND actual_arrival IS NOT NULL AND actual_arrival > actual_departure)

    "flights_status_check" CHECK (status::text = ANY (ARRAY['On Time'::character varying::text, 'Delayed'::character varying::text, 'Departed'::character varying::text, 'Arrived'::character varying::text, 'Scheduled'::character varying::text, 'Cancelled'::character varying::text]))

Number of partitions: 68 (Use \d+ to list them.)

 

demo=# \d+ flights

                                                 Partitioned table "bookings.flights"

       Column        |           Type           | Collation | Nullable | Default | Storage  | Compression | Stats target | Description

---------------------+--------------------------+-----------+----------+---------+----------+-------------+--------------+-------------

flight_id           | integer                  |           | not null |         | plain    |             |              |

flight_no           | character(6)             |           | not null |         | extended |             |              |

scheduled_departure | timestamp with time zone |           | not null |         | plain    |             |              |

scheduled_arrival   | timestamp with time zone |           | not null |         | plain    |             |              |

departure_airport   | character(3)             |           | not null |         | extended |             |              |

arrival_airport     | character(3)             |           | not null |         | extended |             |              |

status              | character varying(20)    |           | not null |         | extended |             |              |

aircraft_code       | character(3)             |           | not null |         | extended |             |              |

actual_departure    | timestamp with time zone |           |          |         | plain    |             |              |

actual_arrival      | timestamp with time zone |           |          |         | plain    |             |              |

Partition key: RANGE (actual_arrival)

Check constraints:

    "flights_check" CHECK (scheduled_arrival > scheduled_departure)

    "flights_check1" CHECK (actual_arrival IS NULL OR actual_departure IS NOT NULL AND actual_arrival IS NOT NULL AND actual_arrival > actual_departure)

    "flights_status_check" CHECK (status::text = ANY (ARRAY['On Time'::character varying::text, 'Delayed'::character varying::text, 'Departed'::character varying::text, 'Arrived'::character varying::text, 'Scheduled'::character varying::text, 'Cancelled'::character varying::text]))

Partitions: flights_2016_08 FOR VALUES FROM ('2016-08-01 00:00:00+00') TO ('2016-09-01 00:00:00+00'),

            flights_2016_09 FOR VALUES FROM ('2016-09-01 00:00:00+00') TO ('2016-10-01 00:00:00+00'),

            flights_2016_10 FOR VALUES FROM ('2016-10-01 00:00:00+00') TO ('2016-11-01 00:00:00+00'),

            flights_2016_11 FOR VALUES FROM ('2016-11-01 00:00:00+00') TO ('2016-12-01 00:00:00+00'),

...

 

demo=# \dt+

                                                       List of relations

  Schema  |      Name       |       Type        |  Owner   | Persistence | Access method |  Size   |        Description

----------+-----------------+-------------------+----------+-------------+---------------+---------+---------------------------

bookings | aircrafts_data  | table             | postgres | permanent   | heap          | 16 kB   | Aircrafts (internal data)

bookings | airports_data   | table             | postgres | permanent   | heap          | 56 kB   | Airports (internal data)

bookings | boarding_passes | table             | postgres | permanent   | heap          | 455 MB  | Boarding passes

bookings | bookings        | table             | postgres | permanent   | heap          | 105 MB  | Bookings

bookings | flights         | partitioned table | postgres | permanent   |               | 0 bytes |

bookings | flights_2016_08 | table             | postgres | permanent   | heap          | 944 kB  |

bookings | flights_2016_09 | table             | postgres | permanent   | heap          | 1640 kB |

bookings | flights_2016_10 | table             | postgres | permanent   | heap          | 1704 kB |

bookings | flights_2016_11 | table             | postgres | permanent   | heap          | 1648 kB |

bookings | flights_2016_12 | table             | postgres | permanent   | heap          | 1696 kB |

bookings | flights_2017_01 | table             | postgres | permanent   | heap          | 1696 kB |

bookings | flights_2017_02 | table             | postgres | permanent   | heap          | 1536 kB |

bookings | flights_2017_03 | table             | postgres | permanent   | heap          | 1696 kB |

 

 

```

 

### 1.7 Оценим эффективность выполнения запроса по таблице flights после секционирования

#### 1.7.1 Проведем анализ запроса по выборке данных по прибывшим рейсам, время в пути для которых превысило 5 часов на заданном интервале
```
demo=# explain (analyze, verbose) select * from flights where status = 'Arrived' and extract(epoch from actual_arrival - actual_departure) > 18000 and actual_arrival between '2017-06-01'::date and '2017-06-15'::date;

 

                                                                                                                                     QUERY PLAN                                             

-------------------------------------------------------------------------------------------------------------------------------------------------------------------------------------------------------------------------------------------------------------------------------------

Gather  (cost=1000.00..7937.44 rows=2614 width=64) (actual time=3.835..22.217 rows=334 loops=1)

   Output: flights.flight_id, flights.flight_no, flights.scheduled_departure, flights.scheduled_arrival, flights.departure_airport, flights.arrival_airport, flights.status, flights.aircraft_code, flights.actual_departure, flights.actual_arrival

   Workers Planned: 2

   Workers Launched: 2

   ->  Parallel Append  (cost=0.00..6676.04 rows=1128 width=64) (actual time=0.335..3.812 rows=111 loops=3)

         Worker 0:  actual time=0.001..0.001 rows=0 loops=1

         Worker 1:  actual time=0.608..0.608 rows=0 loops=1

         Subplans Removed: 67

         ->  Parallel Seq Scan on bookings.flights_2017_06 flights_1  (cost=0.00..439.75 rows=1498 width=63) (actual time=0.501..5.696 rows=167 loops=2)

               Output: flights_1.flight_id, flights_1.flight_no, flights_1.scheduled_departure, flights_1.scheduled_arrival, flights_1.departure_airport, flights_1.arrival_airport, flights_1.status, flights_1.aircraft_code, flights_1.actual_departure, flights_1.actual_arrival

               Filter: ((flights_1.actual_arrival >= '2017-06-01'::date) AND (flights_1.actual_arrival <= '2017-06-15'::date) AND ((flights_1.status)::text = 'Arrived'::text) AND (EXTRACT(epoch FROM (flights_1.actual_arrival - flights_1.actual_departure)) > '18000'::numeric))

               Rows Removed by Filter: 7950

               Worker 1:  actual time=0.606..0.606 rows=0 loops=1

Query Identifier: 6531494109179628177

Planning Time: 7.271 ms

Execution Time: 22.377 ms

(16 rows)

 

```

**Анализ**: За счет использования секционироания время выполнения запроса сократилось примерно в 2 раза (см.п. 1.5.1), несмотря на заметное увеличение времени на построение плана запроса

 

#### 1.7.1 Повторим анализ запроса по выборке данных по прибывшим рейсам, время в пути для которых превысило 5 часов на заданном интервале, предварительно выключив опцию устранения секций
```
demo=# show enable_partition_pruning;
enable_partition_pruning
--------------------------
on
(1 row)

demo=# alter system set  enable_partition_pruning = off;
ALTER SYSTEM
demo=# select pg_reload_conf();

pg_reload_conf
----------------
t
(1 row)

demo=# show enable_partition_pruning;
enable_partition_pruning
--------------------------
off
(1 row)

demo=# explain (analyze) select * from flights where status = 'Arrived' and extract(epoch from actual_arrival - actual_departure) > 18000 and actual_arrival between '2017-06-01'::date and '2017-06-15'::date;

         ->  Parallel Seq Scan on flights_2020_11 flights_52  (cost=0.00..16.03 rows=1 width=170) (actual time=0.001..0.001 rows=0 loops=1)

               Filter: ((actual_arrival >= '2017-06-01'::date) AND (actual_arrival <= '2017-06-15'::date) AND ((status)::text = 'Arrived'::text) AND (EXTRACT(epoch FROM (actual_arrival - actual_departure)) > '18000'::numeric))

         ->  Parallel Seq Scan on flights_2020_12 flights_53  (cost=0.00..16.03 rows=1 width=170) (actual time=0.000..0.000 rows=0 loops=1)

               Filter: ((actual_arrival >= '2017-06-01'::date) AND (actual_arrival <= '2017-06-15'::date) AND ((status)::text = 'Arrived'::text) AND (EXTRACT(epoch FROM (actual_arrival - actual_departure)) > '18000'::numeric))

         ->  Parallel Seq Scan on flights_2021_01 flights_54  (cost=0.00..16.03 rows=1 width=170) (actual time=0.000..0.001 rows=0 loops=1)

               Filter: ((actual_arrival >= '2017-06-01'::date) AND (actual_arrival <= '2017-06-15'::date) AND ((status)::text = 'Arrived'::text) AND (EXTRACT(epoch FROM (actual_arrival - actual_departure)) > '18000'::numeric))

         ->  Parallel Seq Scan on flights_2021_02 flights_55  (cost=0.00..16.03 rows=1 width=170) (actual time=0.000..0.001 rows=0 loops=1)

               Filter: ((actual_arrival >= '2017-06-01'::date) AND (actual_arrival <= '2017-06-15'::date) AND ((status)::text = 'Arrived'::text) AND (EXTRACT(epoch FROM (actual_arrival - actual_departure)) > '18000'::numeric))

         ->  Parallel Seq Scan on flights_2021_03 flights_56  (cost=0.00..16.03 rows=1 width=170) (actual time=0.000..0.001 rows=0 loops=1)

               Filter: ((actual_arrival >= '2017-06-01'::date) AND (actual_arrival <= '2017-06-15'::date) AND ((status)::text = 'Arrived'::text) AND (EXTRACT(epoch FROM (actual_arrival - actual_departure)) > '18000'::numeric))

         ->  Parallel Seq Scan on flights_2021_04 flights_57  (cost=0.00..16.03 rows=1 width=170) (actual time=0.000..0.006 rows=0 loops=1)

               Filter: ((actual_arrival >= '2017-06-01'::date) AND (actual_arrival <= '2017-06-15'::date) AND ((status)::text = 'Arrived'::text) AND (EXTRACT(epoch FROM (actual_arrival - actual_departure)) > '18000'::numeric))

         ->  Parallel Seq Scan on flights_2021_05 flights_58  (cost=0.00..16.03 rows=1 width=170) (actual time=0.001..0.001 rows=0 loops=1)

               Filter: ((actual_arrival >= '2017-06-01'::date) AND (actual_arrival <= '2017-06-15'::date) AND ((status)::text = 'Arrived'::text) AND (EXTRACT(epoch FROM (actual_arrival - actual_departure)) > '18000'::numeric))

         ->  Parallel Seq Scan on flights_2021_06 flights_59  (cost=0.00..16.03 rows=1 width=170) (actual time=0.000..0.001 rows=0 loops=1)

               Filter: ((actual_arrival >= '2017-06-01'::date) AND (actual_arrival <= '2017-06-15'::date) AND ((status)::text = 'Arrived'::text) AND (EXTRACT(epoch FROM (actual_arrival - actual_departure)) > '18000'::numeric))

         ->  Parallel Seq Scan on flights_2021_07 flights_60  (cost=0.00..16.03 rows=1 width=170) (actual time=0.000..0.001 rows=0 loops=1)

               Filter: ((actual_arrival >= '2017-06-01'::date) AND (actual_arrival <= '2017-06-15'::date) AND ((status)::text = 'Arrived'::text) AND (EXTRACT(epoch FROM (actual_arrival - actual_departure)) > '18000'::numeric))

         ->  Parallel Seq Scan on flights_2021_08 flights_61  (cost=0.00..16.03 rows=1 width=170) (actual time=0.000..0.001 rows=0 loops=1)

               Filter: ((actual_arrival >= '2017-06-01'::date) AND (actual_arrival <= '2017-06-15'::date) AND ((status)::text = 'Arrived'::text) AND (EXTRACT(epoch FROM (actual_arrival - actual_departure)) > '18000'::numeric))

         ->  Parallel Seq Scan on flights_2021_09 flights_62  (cost=0.00..16.03 rows=1 width=170) (actual time=0.000..0.001 rows=0 loops=1)

               Filter: ((actual_arrival >= '2017-06-01'::date) AND (actual_arrival <= '2017-06-15'::date) AND ((status)::text = 'Arrived'::text) AND (EXTRACT(epoch FROM (actual_arrival - actual_departure)) > '18000'::numeric))

         ->  Parallel Seq Scan on flights_2021_10 flights_63  (cost=0.00..16.03 rows=1 width=170) (actual time=0.001..0.001 rows=0 loops=1)

               Filter: ((actual_arrival >= '2017-06-01'::date) AND (actual_arrival <= '2017-06-15'::date) AND ((status)::text = 'Arrived'::text) AND (EXTRACT(epoch FROM (actual_arrival - actual_departure)) > '18000'::numeric))

         ->  Parallel Seq Scan on flights_2021_11 flights_64  (cost=0.00..16.03 rows=1 width=170) (actual time=0.000..0.001 rows=0 loops=1)

               Filter: ((actual_arrival >= '2017-06-01'::date) AND (actual_arrival <= '2017-06-15'::date) AND ((status)::text = 'Arrived'::text) AND (EXTRACT(epoch FROM (actual_arrival - actual_departure)) > '18000'::numeric))

         ->  Parallel Seq Scan on flights_2021_12 flights_65  (cost=0.00..16.03 rows=1 width=170) (actual time=0.000..0.001 rows=0 loops=1)

               Filter: ((actual_arrival >= '2017-06-01'::date) AND (actual_arrival <= '2017-06-15'::date) AND ((status)::text = 'Arrived'::text) AND (EXTRACT(epoch FROM (actual_arrival - actual_departure)) > '18000'::numeric))

         ->  Parallel Seq Scan on flights_2022_01 flights_66  (cost=0.00..16.03 rows=1 width=170) (actual time=0.001..0.001 rows=0 loops=1)

               Filter: ((actual_arrival >= '2017-06-01'::date) AND (actual_arrival <= '2017-06-15'::date) AND ((status)::text = 'Arrived'::text) AND (EXTRACT(epoch FROM (actual_arrival - actual_departure)) > '18000'::numeric))

         ->  Parallel Seq Scan on flights_2022_02 flights_67  (cost=0.00..16.03 rows=1 width=170) (actual time=0.002..0.002 rows=0 loops=1)

               Filter: ((actual_arrival >= '2017-06-01'::date) AND (actual_arrival <= '2017-06-15'::date) AND ((status)::text = 'Arrived'::text) AND (EXTRACT(epoch FROM (actual_arrival - actual_departure)) > '18000'::numeric))

Planning Time: 4.158 ms

Execution Time: 58.354 ms

(156 rows)

```
**Анализ**: При отключенной опции устранения секций производительность запроса стала ниже базовой, имевшей место до выполнения секционирования 

 

### 1.8 Материалы
<https://habr.com/ru/company/postgrespro/blog/353472/>
<https://stackoverflow.com/questions/55634584/partition-by-date-range-postgresql-scans-all-partitions>
<https://stackoverflow.com/questions/30446526/partition-pruning-based-on-check-constraint-not-working-as-expected/30448533#30448533>
<https://www.postgresql.org/docs/14/functions-datetime.html>
<https://www.postgresql.org/docs/14/ddl-partitioning.html>